2024-03-30 22:11:48.4941|INFO|Program|Hello there!
2024-03-30 22:11:49.3167|DEBUG|Microsoft.AspNetCore.Mvc.ModelBinding.ModelBinderFactory|Registered model binder providers, in the following order: Microsoft.AspNetCore.Mvc.ModelBinding.Binders.BinderTypeModelBinderProvider, Microsoft.AspNetCore.Mvc.ModelBinding.Binders.ServicesModelBinderProvider, Microsoft.AspNetCore.Mvc.ModelBinding.Binders.BodyModelBinderProvider, Microsoft.AspNetCore.Mvc.ModelBinding.Binders.HeaderModelBinderProvider, Microsoft.AspNetCore.Mvc.ModelBinding.Binders.FloatingPointTypeModelBinderProvider, Microsoft.AspNetCore.Mvc.ModelBinding.Binders.EnumTypeModelBinderProvider, Microsoft.AspNetCore.Mvc.ModelBinding.Binders.DateTimeModelBinderProvider, Microsoft.AspNetCore.Mvc.ModelBinding.Binders.SimpleTypeModelBinderProvider, Microsoft.AspNetCore.Mvc.ModelBinding.Binders.CancellationTokenModelBinderProvider, Microsoft.AspNetCore.Mvc.ModelBinding.Binders.ByteArrayModelBinderProvider, Microsoft.AspNetCore.Mvc.ModelBinding.Binders.FormFileModelBinderProvider, Microsoft.AspNetCore.Mvc.ModelBinding.Binders.FormCollectionModelBinderProvider, Microsoft.AspNetCore.Mvc.ModelBinding.Binders.KeyValuePairModelBinderProvider, Microsoft.AspNetCore.Mvc.ModelBinding.Binders.DictionaryModelBinderProvider, Microsoft.AspNetCore.Mvc.ModelBinding.Binders.ArrayModelBinderProvider, Microsoft.AspNetCore.Mvc.ModelBinding.Binders.CollectionModelBinderProvider, Microsoft.AspNetCore.Mvc.ModelBinding.Binders.ComplexObjectModelBinderProvider
2024-03-30 22:11:49.3946|DEBUG|Microsoft.Extensions.Hosting.Internal.Host|Hosting starting
2024-03-30 22:11:49.4320|INFO|Microsoft.AspNetCore.DataProtection.KeyManagement.XmlKeyManager|User profile is available. Using 'C:\Users\wshma\AppData\Local\ASP.NET\DataProtection-Keys' as key repository and Windows DPAPI to encrypt keys at rest.
2024-03-30 22:11:49.4320|DEBUG|Microsoft.AspNetCore.DataProtection.Repositories.FileSystemXmlRepository|Reading data from file 'C:\Users\wshma\AppData\Local\ASP.NET\DataProtection-Keys\key-0d18af51-81c9-49e2-8d84-5e0562073bbc.xml'.
2024-03-30 22:11:49.4320|DEBUG|Microsoft.AspNetCore.DataProtection.Repositories.FileSystemXmlRepository|Reading data from file 'C:\Users\wshma\AppData\Local\ASP.NET\DataProtection-Keys\key-5447b062-96da-40ea-afba-72b63c5caf09.xml'.
2024-03-30 22:11:49.4392|DEBUG|Microsoft.AspNetCore.DataProtection.Repositories.FileSystemXmlRepository|Reading data from file 'C:\Users\wshma\AppData\Local\ASP.NET\DataProtection-Keys\key-a2223c65-0415-4b70-ab3e-dfd86cca61af.xml'.
2024-03-30 22:11:49.4392|DEBUG|Microsoft.AspNetCore.DataProtection.Repositories.FileSystemXmlRepository|Reading data from file 'C:\Users\wshma\AppData\Local\ASP.NET\DataProtection-Keys\key-c7238ed1-66d5-497f-ba93-0d79b0582353.xml'.
2024-03-30 22:11:49.4392|DEBUG|Microsoft.AspNetCore.DataProtection.Repositories.FileSystemXmlRepository|Reading data from file 'C:\Users\wshma\AppData\Local\ASP.NET\DataProtection-Keys\key-f0b0c6f9-c705-47fb-af9b-f0204206f723.xml'.
2024-03-30 22:11:49.4392|DEBUG|Microsoft.AspNetCore.DataProtection.KeyManagement.XmlKeyManager|Found key {0d18af51-81c9-49e2-8d84-5e0562073bbc}.
2024-03-30 22:11:49.4392|DEBUG|Microsoft.AspNetCore.DataProtection.KeyManagement.XmlKeyManager|Found key {5447b062-96da-40ea-afba-72b63c5caf09}.
2024-03-30 22:11:49.4392|DEBUG|Microsoft.AspNetCore.DataProtection.KeyManagement.XmlKeyManager|Found key {a2223c65-0415-4b70-ab3e-dfd86cca61af}.
2024-03-30 22:11:49.4392|DEBUG|Microsoft.AspNetCore.DataProtection.KeyManagement.XmlKeyManager|Found key {c7238ed1-66d5-497f-ba93-0d79b0582353}.
2024-03-30 22:11:49.4392|DEBUG|Microsoft.AspNetCore.DataProtection.KeyManagement.XmlKeyManager|Found key {f0b0c6f9-c705-47fb-af9b-f0204206f723}.
2024-03-30 22:11:49.4577|DEBUG|Microsoft.AspNetCore.DataProtection.KeyManagement.DefaultKeyResolver|Considering key {f0b0c6f9-c705-47fb-af9b-f0204206f723} with expiration date 2024-05-15 16:45:31Z as default key.
2024-03-30 22:11:49.4577|DEBUG|Microsoft.AspNetCore.DataProtection.TypeForwardingActivator|Forwarded activator type request from Microsoft.AspNetCore.DataProtection.XmlEncryption.DpapiXmlDecryptor, Microsoft.AspNetCore.DataProtection, Version=6.0.0.0, Culture=neutral, PublicKeyToken=adb9793829ddae60 to Microsoft.AspNetCore.DataProtection.XmlEncryption.DpapiXmlDecryptor, Microsoft.AspNetCore.DataProtection, Culture=neutral, PublicKeyToken=adb9793829ddae60
2024-03-30 22:11:49.4577|DEBUG|Microsoft.AspNetCore.DataProtection.XmlEncryption.DpapiXmlDecryptor|Decrypting secret element using Windows DPAPI.
2024-03-30 22:11:49.4577|DEBUG|Microsoft.AspNetCore.DataProtection.TypeForwardingActivator|Forwarded activator type request from Microsoft.AspNetCore.DataProtection.AuthenticatedEncryption.ConfigurationModel.AuthenticatedEncryptorDescriptorDeserializer, Microsoft.AspNetCore.DataProtection, Version=6.0.0.0, Culture=neutral, PublicKeyToken=adb9793829ddae60 to Microsoft.AspNetCore.DataProtection.AuthenticatedEncryption.ConfigurationModel.AuthenticatedEncryptorDescriptorDeserializer, Microsoft.AspNetCore.DataProtection, Culture=neutral, PublicKeyToken=adb9793829ddae60
2024-03-30 22:11:49.4577|DEBUG|Microsoft.AspNetCore.DataProtection.AuthenticatedEncryption.CngCbcAuthenticatedEncryptorFactory|Opening CNG algorithm 'AES' from provider '(null)' with chaining mode CBC.
2024-03-30 22:11:49.4577|DEBUG|Microsoft.AspNetCore.DataProtection.AuthenticatedEncryption.CngCbcAuthenticatedEncryptorFactory|Opening CNG algorithm 'SHA256' from provider '(null)' with HMAC.
2024-03-30 22:11:49.4577|DEBUG|Microsoft.AspNetCore.DataProtection.KeyManagement.KeyRingProvider|Using key {f0b0c6f9-c705-47fb-af9b-f0204206f723} as the default key.
2024-03-30 22:11:49.4577|DEBUG|Microsoft.AspNetCore.DataProtection.Internal.DataProtectionHostedService|Key ring with default key {f0b0c6f9-c705-47fb-af9b-f0204206f723} was loaded during application startup.
2024-03-30 22:11:49.6247|INFO|Microsoft.Hosting.Lifetime|Now listening on: http://localhost:5230
2024-03-30 22:11:49.6247|DEBUG|Microsoft.AspNetCore.Hosting.Diagnostics|Loaded hosting startup assembly api
2024-03-30 22:11:49.6247|DEBUG|Microsoft.AspNetCore.Hosting.Diagnostics|Loaded hosting startup assembly Microsoft.AspNetCore.Watch.BrowserRefresh
2024-03-30 22:11:49.6247|DEBUG|Microsoft.AspNetCore.Hosting.Diagnostics|Loaded hosting startup assembly Microsoft.WebTools.BrowserLink.Net
2024-03-30 22:11:49.6247|INFO|Microsoft.Hosting.Lifetime|Application started. Press Ctrl+C to shut down.
2024-03-30 22:11:49.6247|INFO|Microsoft.Hosting.Lifetime|Hosting environment: Development
2024-03-30 22:11:49.6247|INFO|Microsoft.Hosting.Lifetime|Content root path: C:\Users\wshma\OneDrive\Рабочий стол\МПТ4\диплом\api\api\
2024-03-30 22:11:49.6247|DEBUG|Microsoft.Extensions.Hosting.Internal.Host|Hosting started
2024-03-30 22:11:50.0719|DEBUG|Microsoft.AspNetCore.Server.Kestrel.Transport.Sockets|Connection id "0HN2GTL0994G3" received FIN.
2024-03-30 22:11:50.0799|DEBUG|Microsoft.AspNetCore.Server.Kestrel.Connections|Connection id "0HN2GTL0994G3" accepted.
2024-03-30 22:11:50.0799|DEBUG|Microsoft.AspNetCore.Server.Kestrel.Connections|Connection id "0HN2GTL0994G3" started.
2024-03-30 22:11:50.0799|DEBUG|Microsoft.AspNetCore.Server.Kestrel.Transport.Sockets|Connection id "0HN2GTL0994G3" sending FIN because: "The Socket transport's send loop completed gracefully."
2024-03-30 22:11:50.0799|DEBUG|Microsoft.AspNetCore.Server.Kestrel.Connections|Connection id "0HN2GTL0994G3" disconnecting.
2024-03-30 22:11:50.1010|DEBUG|Microsoft.AspNetCore.Server.Kestrel.Connections|Connection id "0HN2GTL0994G3" stopped.
2024-03-30 22:11:50.5195|DEBUG|Microsoft.AspNetCore.Server.Kestrel.Connections|Connection id "0HN2GTL0994G4" accepted.
2024-03-30 22:11:50.5195|DEBUG|Microsoft.AspNetCore.Server.Kestrel.Connections|Connection id "0HN2GTL0994G4" started.
2024-03-30 22:11:50.7831|INFO|Microsoft.AspNetCore.Hosting.Diagnostics|Request starting HTTP/1.1 GET http://localhost:5230/swagger/index.html - -
2024-03-30 22:11:50.8355|DEBUG|Microsoft.AspNetCore.HostFiltering.HostFilteringMiddleware|Wildcard detected, all requests with hosts will be allowed.
2024-03-30 22:11:50.8355|TRACE|Microsoft.AspNetCore.HostFiltering.HostFilteringMiddleware|All hosts are allowed.
2024-03-30 22:11:50.8839|DEBUG|Microsoft.AspNetCore.Routing.Matching.DfaMatcher|No candidates found for the request path '/swagger/index.html'
2024-03-30 22:11:50.8839|DEBUG|Microsoft.AspNetCore.Routing.EndpointRoutingMiddleware|Request did not match any endpoints
2024-03-30 22:11:51.0088|DEBUG|Microsoft.AspNetCore.Watch.BrowserRefresh.BrowserRefreshMiddleware|Response markup is scheduled to include browser refresh script injection.
2024-03-30 22:11:51.1658|DEBUG|Microsoft.AspNetCore.Watch.BrowserRefresh.BrowserRefreshMiddleware|Response markup was updated to include browser refresh script injection.
2024-03-30 22:11:51.1658|DEBUG|Microsoft.AspNetCore.Server.Kestrel.Connections|Connection id "0HN2GTL0994G4" completed keep alive response.
2024-03-30 22:11:51.1658|INFO|Microsoft.AspNetCore.Hosting.Diagnostics|Request finished HTTP/1.1 GET http://localhost:5230/swagger/index.html - - - 200 - text/html;charset=utf-8 387.6575ms
2024-03-30 22:11:51.2200|DEBUG|Microsoft.AspNetCore.Server.Kestrel.Connections|Connection id "0HN2GTL0994G5" accepted.
2024-03-30 22:11:51.2200|DEBUG|Microsoft.AspNetCore.Server.Kestrel.Connections|Connection id "0HN2GTL0994G5" started.
2024-03-30 22:11:51.2200|DEBUG|Microsoft.AspNetCore.Server.Kestrel.Transport.Sockets|Connection id "0HN2GTL0994G4" received FIN.
2024-03-30 22:11:51.2200|DEBUG|Microsoft.AspNetCore.Server.Kestrel.Transport.Sockets|Connection id "0HN2GTL0994G4" sending FIN because: "The Socket transport's send loop completed gracefully."
2024-03-30 22:11:51.2200|DEBUG|Microsoft.AspNetCore.Server.Kestrel.Connections|Connection id "0HN2GTL0994G4" disconnecting.
2024-03-30 22:11:51.2200|INFO|Microsoft.AspNetCore.Hosting.Diagnostics|Request starting HTTP/1.1 GET http://localhost:5230/_vs/browserLink - -
2024-03-30 22:11:51.2200|INFO|Microsoft.AspNetCore.Hosting.Diagnostics|Request starting HTTP/1.1 GET http://localhost:5230/swagger/swagger-ui.css - -
2024-03-30 22:11:51.2200|DEBUG|Microsoft.AspNetCore.Server.Kestrel.Connections|Connection id "0HN2GTL0994G6" accepted.
2024-03-30 22:11:51.2200|TRACE|Microsoft.AspNetCore.HostFiltering.HostFilteringMiddleware|All hosts are allowed.
2024-03-30 22:11:51.2359|DEBUG|Microsoft.AspNetCore.Routing.Matching.DfaMatcher|No candidates found for the request path '/swagger/swagger-ui.css'
2024-03-30 22:11:51.2359|DEBUG|Microsoft.AspNetCore.Routing.EndpointRoutingMiddleware|Request did not match any endpoints
2024-03-30 22:11:51.2359|DEBUG|Microsoft.AspNetCore.Server.Kestrel.Connections|Connection id "0HN2GTL0994G6" started.
2024-03-30 22:11:51.2540|INFO|Microsoft.AspNetCore.Hosting.Diagnostics|Request starting HTTP/1.1 GET http://localhost:5230/_framework/aspnetcore-browser-refresh.js - -
2024-03-30 22:11:51.2727|TRACE|Microsoft.AspNetCore.StaticFiles.StaticFileMiddleware|Range header's value is empty.
2024-03-30 22:11:51.2727|DEBUG|Microsoft.AspNetCore.Server.Kestrel.Connections|Connection id "0HN2GTL0994G6" completed keep alive response.
2024-03-30 22:11:51.2727|INFO|Microsoft.AspNetCore.Hosting.Diagnostics|Request finished HTTP/1.1 GET http://localhost:5230/_framework/aspnetcore-browser-refresh.js - - - 200 11976 application/javascript;+charset=utf-8 19.0286ms
2024-03-30 22:11:51.2913|DEBUG|Microsoft.AspNetCore.StaticFiles.StaticFileMiddleware|The file transmission was cancelled|System.OperationCanceledException: The operation was canceled.
   at System.Threading.CancellationToken.ThrowOperationCanceledException()
   at System.Threading.CancellationToken.ThrowIfCancellationRequested()
   at Microsoft.AspNetCore.Http.SendFileResponseExtensions.SendFileAsyncCore(HttpResponse response, IFileInfo file, Int64 offset, Nullable`1 count, CancellationToken cancellationToken)
   at Microsoft.AspNetCore.StaticFiles.StaticFileContext.SendAsync()
2024-03-30 22:11:51.3289|DEBUG|Microsoft.AspNetCore.Server.Kestrel.Connections|Connection id "0HN2GTL0994G5" completed keep alive response.
2024-03-30 22:11:51.3554|INFO|Microsoft.AspNetCore.Hosting.Diagnostics|Request finished HTTP/1.1 GET http://localhost:5230/_vs/browserLink - - - 200 - text/javascript;+charset=UTF-8 120.5261ms
2024-03-30 22:11:51.3554|INFO|Microsoft.AspNetCore.Hosting.Diagnostics|Request starting HTTP/1.1 GET http://localhost:5230/swagger/favicon-32x32.png - -
2024-03-30 22:11:51.3554|TRACE|Microsoft.AspNetCore.HostFiltering.HostFilteringMiddleware|All hosts are allowed.
2024-03-30 22:11:51.3554|DEBUG|Microsoft.AspNetCore.Routing.Matching.DfaMatcher|No candidates found for the request path '/swagger/favicon-32x32.png'
2024-03-30 22:11:51.3554|DEBUG|Microsoft.AspNetCore.Routing.EndpointRoutingMiddleware|Request did not match any endpoints
2024-03-30 22:11:51.3554|INFO|Microsoft.AspNetCore.StaticFiles.StaticFileMiddleware|Sending file. Request path: '/swagger-ui.css'. Physical path: 'N/A'
2024-03-30 22:11:51.3554|INFO|Microsoft.AspNetCore.Hosting.Diagnostics|Request finished HTTP/1.1 GET http://localhost:5230/swagger/swagger-ui.css - - - 0 143632 text/css 121.0990ms
2024-03-30 22:11:51.3554|TRACE|Microsoft.AspNetCore.StaticFiles.StaticFileMiddleware|Range header's value is empty.
2024-03-30 22:11:51.3554|DEBUG|Microsoft.AspNetCore.Server.Kestrel.Transport.Sockets|Connection id "0HN2GTL0994G5" received FIN.
2024-03-30 22:11:51.3554|DEBUG|Microsoft.AspNetCore.Server.Kestrel.Transport.Sockets|Connection id "0HN2GTL0994G5" sending FIN because: "The Socket transport's send loop completed gracefully."
2024-03-30 22:11:51.3554|DEBUG|Microsoft.AspNetCore.Server.Kestrel.Connections|Connection id "0HN2GTL0994G5" disconnecting.
2024-03-30 22:11:51.3554|INFO|Microsoft.AspNetCore.StaticFiles.StaticFileMiddleware|Sending file. Request path: '/favicon-32x32.png'. Physical path: 'N/A'
2024-03-30 22:11:51.3554|INFO|Microsoft.AspNetCore.Hosting.Diagnostics|Request finished HTTP/1.1 GET http://localhost:5230/swagger/favicon-32x32.png - - - 200 628 image/png 2.8439ms
2024-03-30 22:11:51.3620|DEBUG|Microsoft.AspNetCore.Server.Kestrel.Connections|Connection id "0HN2GTL0994G5" stopped.
2024-03-30 22:11:51.3620|DEBUG|Microsoft.AspNetCore.Server.Kestrel.Connections|Connection id "0HN2GTL0994G4" stopped.
2024-03-30 22:11:51.4401|INFO|Microsoft.AspNetCore.Hosting.Diagnostics|Request starting HTTP/1.1 GET http://localhost:5230/swagger/v1/swagger.json - -
2024-03-30 22:11:51.4401|TRACE|Microsoft.AspNetCore.HostFiltering.HostFilteringMiddleware|All hosts are allowed.
2024-03-30 22:11:51.4401|DEBUG|Microsoft.AspNetCore.Routing.Matching.DfaMatcher|No candidates found for the request path '/swagger/v1/swagger.json'
2024-03-30 22:11:51.4401|DEBUG|Microsoft.AspNetCore.Routing.EndpointRoutingMiddleware|Request did not match any endpoints
2024-03-30 22:11:51.7721|DEBUG|Microsoft.AspNetCore.Server.Kestrel.Connections|Connection id "0HN2GTL0994G6" completed keep alive response.
2024-03-30 22:11:51.7721|INFO|Microsoft.AspNetCore.Hosting.Diagnostics|Request finished HTTP/1.1 GET http://localhost:5230/swagger/v1/swagger.json - - - 200 - application/json;charset=utf-8 332.0584ms
2024-03-30 22:11:57.7498|INFO|Microsoft.AspNetCore.Hosting.Diagnostics|Request starting HTTP/1.1 GET http://localhost:5230/api/Currencies - -
2024-03-30 22:11:57.7498|TRACE|Microsoft.AspNetCore.HostFiltering.HostFilteringMiddleware|All hosts are allowed.
2024-03-30 22:11:57.7593|DEBUG|Microsoft.AspNetCore.Routing.Matching.DfaMatcher|1 candidate(s) found for the request path '/api/Currencies'
2024-03-30 22:11:57.7593|DEBUG|Microsoft.AspNetCore.Routing.Matching.DfaMatcher|Endpoint 'api.Controllers.CurrenciesController.GetCurrencies (api)' with route pattern 'api/Currencies' is valid for the request path '/api/Currencies'
2024-03-30 22:11:57.7593|DEBUG|Microsoft.AspNetCore.Routing.EndpointRoutingMiddleware|Request matched endpoint 'api.Controllers.CurrenciesController.GetCurrencies (api)'
2024-03-30 22:11:57.7593|DEBUG|Microsoft.AspNetCore.StaticFiles.StaticFileMiddleware|Static files was skipped as the request already matched an endpoint.
2024-03-30 22:11:57.8467|DEBUG|Microsoft.AspNetCore.Authentication.JwtBearer.JwtBearerHandler|AuthenticationScheme: Bearer was not authenticated.
2024-03-30 22:11:57.8467|INFO|Microsoft.AspNetCore.Authorization.DefaultAuthorizationService|Authorization failed. These requirements were not met:
DenyAnonymousAuthorizationRequirement: Requires an authenticated user.
2024-03-30 22:11:57.8669|INFO|Microsoft.AspNetCore.Authentication.JwtBearer.JwtBearerHandler|AuthenticationScheme: Bearer was challenged.
2024-03-30 22:11:57.8669|DEBUG|Microsoft.AspNetCore.Server.Kestrel.Connections|Connection id "0HN2GTL0994G6" completed keep alive response.
2024-03-30 22:11:57.8669|INFO|Microsoft.AspNetCore.Hosting.Diagnostics|Request finished HTTP/1.1 GET http://localhost:5230/api/Currencies - - - 401 0 - 117.4428ms
2024-03-30 22:13:53.1609|DEBUG|Microsoft.AspNetCore.Server.Kestrel.Transport.Sockets|Connection id "0HN2GTL0994G6" received FIN.
2024-03-30 22:13:53.1609|DEBUG|Microsoft.AspNetCore.Server.Kestrel.Connections|Connection id "0HN2GTL0994G6" disconnecting.
2024-03-30 22:13:53.1609|DEBUG|Microsoft.AspNetCore.Server.Kestrel.Connections|Connection id "0HN2GTL0994G6" stopped.
2024-03-30 22:13:53.1774|DEBUG|Microsoft.AspNetCore.Server.Kestrel.Transport.Sockets|Connection id "0HN2GTL0994G6" sending FIN because: "The Socket transport's send loop completed gracefully."
