2024-03-31 23:54:13.1288|INFO|Program|Hello there!
2024-03-31 23:54:13.9118|DEBUG|Microsoft.AspNetCore.Mvc.ModelBinding.ModelBinderFactory|Registered model binder providers, in the following order: Microsoft.AspNetCore.Mvc.ModelBinding.Binders.BinderTypeModelBinderProvider, Microsoft.AspNetCore.Mvc.ModelBinding.Binders.ServicesModelBinderProvider, Microsoft.AspNetCore.Mvc.ModelBinding.Binders.BodyModelBinderProvider, Microsoft.AspNetCore.Mvc.ModelBinding.Binders.HeaderModelBinderProvider, Microsoft.AspNetCore.Mvc.ModelBinding.Binders.FloatingPointTypeModelBinderProvider, Microsoft.AspNetCore.Mvc.ModelBinding.Binders.EnumTypeModelBinderProvider, Microsoft.AspNetCore.Mvc.ModelBinding.Binders.DateTimeModelBinderProvider, Microsoft.AspNetCore.Mvc.ModelBinding.Binders.SimpleTypeModelBinderProvider, Microsoft.AspNetCore.Mvc.ModelBinding.Binders.CancellationTokenModelBinderProvider, Microsoft.AspNetCore.Mvc.ModelBinding.Binders.ByteArrayModelBinderProvider, Microsoft.AspNetCore.Mvc.ModelBinding.Binders.FormFileModelBinderProvider, Microsoft.AspNetCore.Mvc.ModelBinding.Binders.FormCollectionModelBinderProvider, Microsoft.AspNetCore.Mvc.ModelBinding.Binders.KeyValuePairModelBinderProvider, Microsoft.AspNetCore.Mvc.ModelBinding.Binders.DictionaryModelBinderProvider, Microsoft.AspNetCore.Mvc.ModelBinding.Binders.ArrayModelBinderProvider, Microsoft.AspNetCore.Mvc.ModelBinding.Binders.CollectionModelBinderProvider, Microsoft.AspNetCore.Mvc.ModelBinding.Binders.ComplexObjectModelBinderProvider
2024-03-31 23:54:14.0167|DEBUG|Microsoft.Extensions.Hosting.Internal.Host|Hosting starting
2024-03-31 23:54:14.0541|INFO|Microsoft.AspNetCore.DataProtection.KeyManagement.XmlKeyManager|User profile is available. Using 'C:\Users\wshma\AppData\Local\ASP.NET\DataProtection-Keys' as key repository and Windows DPAPI to encrypt keys at rest.
2024-03-31 23:54:14.0541|DEBUG|Microsoft.AspNetCore.DataProtection.Repositories.FileSystemXmlRepository|Reading data from file 'C:\Users\wshma\AppData\Local\ASP.NET\DataProtection-Keys\key-0d18af51-81c9-49e2-8d84-5e0562073bbc.xml'.
2024-03-31 23:54:14.0636|DEBUG|Microsoft.AspNetCore.DataProtection.Repositories.FileSystemXmlRepository|Reading data from file 'C:\Users\wshma\AppData\Local\ASP.NET\DataProtection-Keys\key-5447b062-96da-40ea-afba-72b63c5caf09.xml'.
2024-03-31 23:54:14.0636|DEBUG|Microsoft.AspNetCore.DataProtection.Repositories.FileSystemXmlRepository|Reading data from file 'C:\Users\wshma\AppData\Local\ASP.NET\DataProtection-Keys\key-a2223c65-0415-4b70-ab3e-dfd86cca61af.xml'.
2024-03-31 23:54:14.0636|DEBUG|Microsoft.AspNetCore.DataProtection.Repositories.FileSystemXmlRepository|Reading data from file 'C:\Users\wshma\AppData\Local\ASP.NET\DataProtection-Keys\key-c7238ed1-66d5-497f-ba93-0d79b0582353.xml'.
2024-03-31 23:54:14.0636|DEBUG|Microsoft.AspNetCore.DataProtection.Repositories.FileSystemXmlRepository|Reading data from file 'C:\Users\wshma\AppData\Local\ASP.NET\DataProtection-Keys\key-f0b0c6f9-c705-47fb-af9b-f0204206f723.xml'.
2024-03-31 23:54:14.0636|DEBUG|Microsoft.AspNetCore.DataProtection.KeyManagement.XmlKeyManager|Found key {0d18af51-81c9-49e2-8d84-5e0562073bbc}.
2024-03-31 23:54:14.0636|DEBUG|Microsoft.AspNetCore.DataProtection.KeyManagement.XmlKeyManager|Found key {5447b062-96da-40ea-afba-72b63c5caf09}.
2024-03-31 23:54:14.0636|DEBUG|Microsoft.AspNetCore.DataProtection.KeyManagement.XmlKeyManager|Found key {a2223c65-0415-4b70-ab3e-dfd86cca61af}.
2024-03-31 23:54:14.0636|DEBUG|Microsoft.AspNetCore.DataProtection.KeyManagement.XmlKeyManager|Found key {c7238ed1-66d5-497f-ba93-0d79b0582353}.
2024-03-31 23:54:14.0636|DEBUG|Microsoft.AspNetCore.DataProtection.KeyManagement.XmlKeyManager|Found key {f0b0c6f9-c705-47fb-af9b-f0204206f723}.
2024-03-31 23:54:14.0834|DEBUG|Microsoft.AspNetCore.DataProtection.KeyManagement.DefaultKeyResolver|Considering key {f0b0c6f9-c705-47fb-af9b-f0204206f723} with expiration date 2024-05-15 16:45:31Z as default key.
2024-03-31 23:54:14.0834|DEBUG|Microsoft.AspNetCore.DataProtection.TypeForwardingActivator|Forwarded activator type request from Microsoft.AspNetCore.DataProtection.XmlEncryption.DpapiXmlDecryptor, Microsoft.AspNetCore.DataProtection, Version=6.0.0.0, Culture=neutral, PublicKeyToken=adb9793829ddae60 to Microsoft.AspNetCore.DataProtection.XmlEncryption.DpapiXmlDecryptor, Microsoft.AspNetCore.DataProtection, Culture=neutral, PublicKeyToken=adb9793829ddae60
2024-03-31 23:54:14.0834|DEBUG|Microsoft.AspNetCore.DataProtection.XmlEncryption.DpapiXmlDecryptor|Decrypting secret element using Windows DPAPI.
2024-03-31 23:54:14.0834|DEBUG|Microsoft.AspNetCore.DataProtection.TypeForwardingActivator|Forwarded activator type request from Microsoft.AspNetCore.DataProtection.AuthenticatedEncryption.ConfigurationModel.AuthenticatedEncryptorDescriptorDeserializer, Microsoft.AspNetCore.DataProtection, Version=6.0.0.0, Culture=neutral, PublicKeyToken=adb9793829ddae60 to Microsoft.AspNetCore.DataProtection.AuthenticatedEncryption.ConfigurationModel.AuthenticatedEncryptorDescriptorDeserializer, Microsoft.AspNetCore.DataProtection, Culture=neutral, PublicKeyToken=adb9793829ddae60
2024-03-31 23:54:14.0834|DEBUG|Microsoft.AspNetCore.DataProtection.AuthenticatedEncryption.CngCbcAuthenticatedEncryptorFactory|Opening CNG algorithm 'AES' from provider '(null)' with chaining mode CBC.
2024-03-31 23:54:14.0834|DEBUG|Microsoft.AspNetCore.DataProtection.AuthenticatedEncryption.CngCbcAuthenticatedEncryptorFactory|Opening CNG algorithm 'SHA256' from provider '(null)' with HMAC.
2024-03-31 23:54:14.0975|DEBUG|Microsoft.AspNetCore.DataProtection.KeyManagement.KeyRingProvider|Using key {f0b0c6f9-c705-47fb-af9b-f0204206f723} as the default key.
2024-03-31 23:54:14.0975|DEBUG|Microsoft.AspNetCore.DataProtection.Internal.DataProtectionHostedService|Key ring with default key {f0b0c6f9-c705-47fb-af9b-f0204206f723} was loaded during application startup.
2024-03-31 23:54:16.4807|INFO|Microsoft.Hosting.Lifetime|Now listening on: http://localhost:5230
2024-03-31 23:54:16.4807|DEBUG|Microsoft.AspNetCore.Hosting.Diagnostics|Loaded hosting startup assembly api
2024-03-31 23:54:16.4807|DEBUG|Microsoft.AspNetCore.Hosting.Diagnostics|Loaded hosting startup assembly Microsoft.AspNetCore.Watch.BrowserRefresh
2024-03-31 23:54:16.4807|DEBUG|Microsoft.AspNetCore.Hosting.Diagnostics|Loaded hosting startup assembly Microsoft.WebTools.BrowserLink.Net
2024-03-31 23:54:16.4807|INFO|Microsoft.Hosting.Lifetime|Application started. Press Ctrl+C to shut down.
2024-03-31 23:54:16.4807|INFO|Microsoft.Hosting.Lifetime|Hosting environment: Development
2024-03-31 23:54:16.4807|INFO|Microsoft.Hosting.Lifetime|Content root path: C:\Users\wshma\OneDrive\Рабочий стол\МПТ4\диплом\api\api\
2024-03-31 23:54:16.4807|DEBUG|Microsoft.Extensions.Hosting.Internal.Host|Hosting started
2024-03-31 23:54:16.6162|DEBUG|Microsoft.AspNetCore.Server.Kestrel.Connections|Connection id "0HN2HOIT9RJ4O" accepted.
2024-03-31 23:54:16.6532|DEBUG|Microsoft.AspNetCore.Server.Kestrel.Connections|Connection id "0HN2HOIT9RJ4O" started.
2024-03-31 23:54:16.6891|DEBUG|Microsoft.AspNetCore.Server.Kestrel.Connections|Connection id "0HN2HOIT9RJ4P" accepted.
2024-03-31 23:54:16.7182|DEBUG|Microsoft.AspNetCore.Server.Kestrel.Connections|Connection id "0HN2HOIT9RJ4P" started.
2024-03-31 23:54:17.2947|DEBUG|Microsoft.AspNetCore.Server.Kestrel.Connections|Connection id "0HN2HOIT9RJ4Q" accepted.
2024-03-31 23:54:17.2947|DEBUG|Microsoft.AspNetCore.Server.Kestrel.Connections|Connection id "0HN2HOIT9RJ4Q" started.
2024-03-31 23:54:17.5324|INFO|Microsoft.AspNetCore.Hosting.Diagnostics|Request starting HTTP/1.1 GET http://localhost:5230/swagger/index.html - -
2024-03-31 23:54:17.5924|DEBUG|Microsoft.AspNetCore.HostFiltering.HostFilteringMiddleware|Wildcard detected, all requests with hosts will be allowed.
2024-03-31 23:54:17.5924|TRACE|Microsoft.AspNetCore.HostFiltering.HostFilteringMiddleware|All hosts are allowed.
2024-03-31 23:54:17.6238|DEBUG|Microsoft.AspNetCore.Routing.Matching.DfaMatcher|No candidates found for the request path '/swagger/index.html'
2024-03-31 23:54:17.6238|DEBUG|Microsoft.AspNetCore.Routing.EndpointRoutingMiddleware|Request did not match any endpoints
2024-03-31 23:54:17.7441|DEBUG|Microsoft.AspNetCore.Watch.BrowserRefresh.BrowserRefreshMiddleware|Response markup is scheduled to include browser refresh script injection.
2024-03-31 23:54:17.9597|DEBUG|Microsoft.AspNetCore.Watch.BrowserRefresh.BrowserRefreshMiddleware|Response markup was updated to include browser refresh script injection.
2024-03-31 23:54:17.9597|DEBUG|Microsoft.AspNetCore.Server.Kestrel.Connections|Connection id "0HN2HOIT9RJ4Q" completed keep alive response.
2024-03-31 23:54:17.9597|INFO|Microsoft.AspNetCore.Hosting.Diagnostics|Request finished HTTP/1.1 GET http://localhost:5230/swagger/index.html - - - 200 - text/html;charset=utf-8 432.0007ms
2024-03-31 23:54:18.0134|DEBUG|Microsoft.AspNetCore.Server.Kestrel.Connections|Connection id "0HN2HOIT9RJ4R" accepted.
2024-03-31 23:54:18.0134|INFO|Microsoft.AspNetCore.Hosting.Diagnostics|Request starting HTTP/1.1 GET http://localhost:5230/_vs/browserLink - -
2024-03-31 23:54:18.0563|DEBUG|Microsoft.AspNetCore.Server.Kestrel.Connections|Connection id "0HN2HOIT9RJ4R" started.
2024-03-31 23:54:18.0646|INFO|Microsoft.AspNetCore.Hosting.Diagnostics|Request starting HTTP/1.1 GET http://localhost:5230/_framework/aspnetcore-browser-refresh.js - -
2024-03-31 23:54:18.0646|DEBUG|Microsoft.AspNetCore.Server.Kestrel.Connections|Connection id "0HN2HOIT9RJ4R" completed keep alive response.
2024-03-31 23:54:18.0646|INFO|Microsoft.AspNetCore.Hosting.Diagnostics|Request finished HTTP/1.1 GET http://localhost:5230/_framework/aspnetcore-browser-refresh.js - - - 200 11976 application/javascript;+charset=utf-8 7.3335ms
2024-03-31 23:54:18.1678|DEBUG|Microsoft.AspNetCore.Server.Kestrel.Connections|Connection id "0HN2HOIT9RJ4Q" completed keep alive response.
2024-03-31 23:54:18.1678|INFO|Microsoft.AspNetCore.Hosting.Diagnostics|Request finished HTTP/1.1 GET http://localhost:5230/_vs/browserLink - - - 200 - text/javascript;+charset=UTF-8 154.4871ms
2024-03-31 23:54:18.1784|INFO|Microsoft.AspNetCore.Hosting.Diagnostics|Request starting HTTP/1.1 GET http://localhost:5230/swagger/favicon-32x32.png - -
2024-03-31 23:54:18.1784|TRACE|Microsoft.AspNetCore.HostFiltering.HostFilteringMiddleware|All hosts are allowed.
2024-03-31 23:54:18.1784|DEBUG|Microsoft.AspNetCore.Routing.Matching.DfaMatcher|No candidates found for the request path '/swagger/favicon-32x32.png'
2024-03-31 23:54:18.1784|DEBUG|Microsoft.AspNetCore.Routing.EndpointRoutingMiddleware|Request did not match any endpoints
2024-03-31 23:54:18.1784|DEBUG|Microsoft.AspNetCore.Server.Kestrel.Transport.Sockets|Connection id "0HN2HOIT9RJ4R" received FIN.
2024-03-31 23:54:18.1784|DEBUG|Microsoft.AspNetCore.Server.Kestrel.Transport.Sockets|Connection id "0HN2HOIT9RJ4R" sending FIN because: "The Socket transport's send loop completed gracefully."
2024-03-31 23:54:18.2068|DEBUG|Microsoft.AspNetCore.Server.Kestrel.Connections|Connection id "0HN2HOIT9RJ4R" disconnecting.
2024-03-31 23:54:18.2068|TRACE|Microsoft.AspNetCore.StaticFiles.StaticFileMiddleware|Range header's value is empty.
2024-03-31 23:54:18.2068|DEBUG|Microsoft.AspNetCore.StaticFiles.StaticFileMiddleware|The file transmission was cancelled|System.OperationCanceledException: The operation was canceled.
   at System.Threading.CancellationToken.ThrowOperationCanceledException()
   at System.Threading.CancellationToken.ThrowIfCancellationRequested()
   at Microsoft.AspNetCore.Http.SendFileResponseExtensions.SendFileAsyncCore(HttpResponse response, IFileInfo file, Int64 offset, Nullable`1 count, CancellationToken cancellationToken)
   at Microsoft.AspNetCore.StaticFiles.StaticFileContext.SendAsync()
2024-03-31 23:54:18.2691|INFO|Microsoft.AspNetCore.StaticFiles.StaticFileMiddleware|Sending file. Request path: '/favicon-32x32.png'. Physical path: 'N/A'
2024-03-31 23:54:18.2691|INFO|Microsoft.AspNetCore.Hosting.Diagnostics|Request finished HTTP/1.1 GET http://localhost:5230/swagger/favicon-32x32.png - - - 0 628 image/png 90.7691ms
2024-03-31 23:54:18.2691|DEBUG|Microsoft.AspNetCore.Server.Kestrel.Connections|Connection id "0HN2HOIT9RJ4R" stopped.
2024-03-31 23:54:18.2934|INFO|Microsoft.AspNetCore.Hosting.Diagnostics|Request starting HTTP/1.1 GET http://localhost:5230/swagger/v1/swagger.json - -
2024-03-31 23:54:18.2934|TRACE|Microsoft.AspNetCore.HostFiltering.HostFilteringMiddleware|All hosts are allowed.
2024-03-31 23:54:18.2934|DEBUG|Microsoft.AspNetCore.Routing.Matching.DfaMatcher|No candidates found for the request path '/swagger/v1/swagger.json'
2024-03-31 23:54:18.2934|DEBUG|Microsoft.AspNetCore.Routing.EndpointRoutingMiddleware|Request did not match any endpoints
2024-03-31 23:54:18.6919|DEBUG|Microsoft.AspNetCore.Server.Kestrel.Connections|Connection id "0HN2HOIT9RJ4Q" completed keep alive response.
2024-03-31 23:54:18.6919|INFO|Microsoft.AspNetCore.Hosting.Diagnostics|Request finished HTTP/1.1 GET http://localhost:5230/swagger/v1/swagger.json - - - 200 - application/json;charset=utf-8 398.7475ms
2024-03-31 23:56:14.7063|DEBUG|Microsoft.AspNetCore.Server.Kestrel.Transport.Sockets|Connection id "0HN2HOIT9RJ4Q" received FIN.
2024-03-31 23:56:14.7063|DEBUG|Microsoft.AspNetCore.Server.Kestrel.Connections|Connection id "0HN2HOIT9RJ4Q" disconnecting.
2024-03-31 23:56:14.7221|DEBUG|Microsoft.AspNetCore.Server.Kestrel.Connections|Connection id "0HN2HOIT9RJ4Q" stopped.
2024-03-31 23:56:14.7439|DEBUG|Microsoft.AspNetCore.Server.Kestrel.Transport.Sockets|Connection id "0HN2HOIT9RJ4Q" sending FIN because: "The Socket transport's send loop completed gracefully."
